---------------------------------------------
PIC ASSEMBLER LISTING
Line    Address Opcode  Instruction
---------------------------------------------
0001    0000            DATO EQU 0X21
0002    0000            stepper	EQU 0X7E
0003    0000            CounterA EQU 0X24
0004    0000            CounterB EQU 0X25
0005    0000            CounterC EQU 0X26
0006    0000            PasosX EQU 0X27
0007    0000            PasosRegresoX EQU 0X28
0008    0000            PasosY EQU 0X29
0009    0000            PasosRegresoY EQU 0X30
0010    0000            NumeroIteracionesX EQU 0X31
0011    0000            
0012    0000            IrMayorXIteracion EQU 32
0013    0000            IrMayorPasosX EQU 0X33
0014    0000            IrMayorPasosY EQU 0X34
0015    0000            
0016    0000            INICIO
0017    0000            	ORG	0X00
0018    0000    2801    	GOTO	START ;mueve el ip al punto de la etiqueta
0019    0001            START
0020    0001    1683    	BSF	STATUS,	5
0021    0002    0186    	CLRF	TRISB
0022    0003    1283    	BCF	STATUS,	5
0023    0004    3004    	MOVLW	4
0024    0005    00B1    	MOVWF	NumeroIteracionesX
0025    0006            	
0026    0006    3001    	MOVLW	1 ; Moviendo a w El numero de iteraciones que vaya
0027    0007    00A0    	MOVWF	IrMayorXIteracion 
0028    0008    303C    	MOVLW	60 ; Moviendo a w El numero de iteraciones que vaya
0029    0009    00B3    	MOVWF	IrMayorPasosX 
0030    000A    302D    	MOVLW	45; Moviendo a W el numero de pasos que vaya en Y
0031    000B    00B4    	MOVWF	IrMayorPasosY 
0032    000C            
0033    000C    200F    	CALL	LOOPGENERALX
0034    000D    206E    	CALL	IrMayorLuz;Moverme a Buscar LUz
0035    000E    2875    	GOTO	SALIR	
0036    000F            
0037    000F            LOOPGENERALX
0038    000F    3080    	MOVLW	128
0039    0010    00A7    	MOVWF	PasosX
0040    0011    00A8    	MOVWF	PasosRegresoX
0041    0012    2022    	CALL	FULLCLK
0042    0013    3080    	MOVLW	128
0043    0014    00A9    	MOVWF	PasosY
0044    0015    00B0    	MOVWF	PasosRegresoY 
0045    0016    204D    	CALL	CORRIDAY
0046    0017    0BB1    	DECFSZ	NumeroIteracionesX, 1
0047    0018    280F    	GOTO	LOOPGENERALX
0048    0019    3004    	MOVLW	4
0049    001A    00B1    	MOVWF	NumeroIteracionesX
0050    001B    281C    	GOTO	LOOPREGRESOX
0051    001C            
0052    001C            LOOPREGRESOX
0053    001C    3080    	MOVLW	128
0054    001D    00A8    	MOVWF	PasosRegresoX
0055    001E    203E    	CALL	REGRESOX
0056    001F    0BB1    	DECFSZ	NumeroIteracionesX, 1
0057    0020    281C    	GOTO	LOOPREGRESOX
0058    0021    286B    	GOTO	FIN
0059    0022            
0060    0022            FULLCLK
0061    0022    300C    	MOVLW	B'00001100'
0062    0023    0086    	MOVWF	PORTB
0063    0024    2031    	CALL	DelayOneSecond
0064    0025    3006    	MOVLW	B'00000110'
0065    0026    0086    	MOVWF	PORTB
0066    0027    2031    	CALL	DelayOneSecond
0067    0028    3003    	MOVLW	B'00000011'
0068    0029    0086    	MOVWF	PORTB
0069    002A    2031    	CALL	DelayOneSecond
0070    002B    3009    	MOVLW	B'00001001'
0071    002C    0086    	MOVWF	PORTB
0072    002D    2031    	CALL	DelayOneSecond
0073    002E    0BA7    	DECFSZ	PasosX,1
0074    002F    2822    	GOTO	FULLCLK
0075    0030    3400    	RETLW	B'00000000'
0076    0031            
0077    0031            DelayOneSecond
0078    0031    3001    	movlw D'1'
0079    0032    00A6    	movwf CounterC
0080    0033    3004    	movlw D'4'
0081    0034    00A5    	movwf CounterB
0082    0035    3004    	movlw D'4'
0083    0036    00A4    	movwf CounterA
0084    0037            
0085    0037            loop
0086    0037    0BA4    	decfsz CounterA,1
0087    0038    2837    	goto loop
0088    0039    0BA5    	decfsz CounterB,1
0089    003A    2837    	goto loop
0090    003B    0BA6    	decfsz CounterC,1
0091    003C    2837    	goto loop
0092    003D    3400    	RETLW	b'00000000'
0093    003E            
0094    003E            REGRESOX
0095    003E    3009    	MOVLW	B'00001001'
0096    003F    0086    	MOVWF	PORTB
0097    0040    2031    	CALL	DelayOneSecond
0098    0041    3003    	MOVLW	B'00000011'
0099    0042    0086    	MOVWF	PORTB
0100    0043    2031    	CALL	DelayOneSecond
0101    0044    3006    	MOVLW	B'00000110'
0102    0045    0086    	MOVWF	PORTB
0103    0046    2031    	CALL	DelayOneSecond
0104    0047    300C    	MOVLW	B'00001100'
0105    0048    0086    	MOVWF	PORTB
0106    0049    2031    	CALL	DelayOneSecond
0107    004A    0BA8    	DECFSZ	PasosRegresoX,1
0108    004B    283E    	GOTO	REGRESOX
0109    004C    3400    	RETLW	B'00000000'
0110    004D            
0111    004D            CORRIDAY
0112    004D    30C0       	MOVLW	B'11000000'
0113    004E    0086    	MOVWF	PORTB
0114    004F    2031    	CALL	DelayOneSecond
0115    0050    3060    	MOVLW	B'01100000'
0116    0051    0086    	MOVWF	PORTB
0117    0052    2031    	CALL	DelayOneSecond
0118    0053    3030    	MOVLW	B'00110000'
0119    0054    0086    	MOVWF	PORTB
0120    0055    2031    	CALL	DelayOneSecond
0121    0056    3090    	MOVLW	B'10010000'
0122    0057    0086    	MOVWF	PORTB
0123    0058    2031    	CALL	DelayOneSecond
0124    0059    0BA9    	DECFSZ	PasosY ,1
0125    005A    284D    	GOTO	CORRIDAY
0126    005B    285C    	GOTO	REGRESOY
0127    005C            
0128    005C            REGRESOY
0129    005C    3090        	MOVLW	B'10010000'
0130    005D    0086    	MOVWF	PORTB
0131    005E    2031    	CALL	DelayOneSecond
0132    005F    3030    	MOVLW	B'00110000'
0133    0060    0086    	MOVWF	PORTB
0134    0061    2031    	CALL	DelayOneSecond
0135    0062    3060    	MOVLW	B'01100000'
0136    0063    0086    	MOVWF	PORTB
0137    0064    2031    	CALL	DelayOneSecond
0138    0065    30C0    	MOVLW	B'11000000'
0139    0066    0086    	MOVWF	PORTB
0140    0067    2031    	CALL	DelayOneSecond
0141    0068    0BB0    	DECFSZ	PasosRegresoY ,1
0142    0069    285C    	GOTO	REGRESOY
0143    006A    3400    	RETLW	B'00000000'
0144    006B            
0145    006B            FIN
0146    006B    3000    	MOVLW	B'00000000'
0147    006C    0086    	MOVWF	PORTB
0148    006D    3400    	RETLW	B'00000000'
0149    006E            	;Call	IrMayorLuz
0150    006E            
0151    006E            
0152    006E            IrMayorLuz
0153    006E    3080    	MOVLW	128
0154    006F    00A7    	MOVWF	PasosX
0155    0070    2076    	CALL	FullMayorX
0156    0071    0BA0    	DECFSZ	IrMayorXIteracion , 1
0157    0072    286E    	GOTO	IrMayorLuz
0158    0073    2085    	CALL	FullMayorY
0159    0074    3400    	RETLW	B'00000000'
0160    0075            
0161    0075            SALIR
0162    0075            	END
0163    0075    2875    	GOTO SALIR
0164    0076            
0165    0076            FullMayorX
0166    0076    300C    	MOVLW	B'00001100'
0167    0077    0086    	MOVWF	PORTB
0168    0078    2031    	CALL	DelayOneSecond
0169    0079    3006    	MOVLW	B'00000110'
0170    007A    0086    	MOVWF	PORTB
0171    007B    2031    	CALL	DelayOneSecond
0172    007C    3003    	MOVLW	B'00000011'
0173    007D    0086    	MOVWF	PORTB
0174    007E    2031    	CALL	DelayOneSecond
0175    007F    3009    	MOVLW	B'00001001'
0176    0080    0086    	MOVWF	PORTB
0177    0081    2031    	CALL	DelayOneSecond
0178    0082    0BA7    	DECFSZ	PasosX,1
0179    0083    2876    	GOTO	FullMayorX
0180    0084    3400    	RETLW	B'00000000'
0181    0085            
0182    0085            FullMayorY
0183    0085    30C0       	MOVLW	B'11000000'
0184    0086    0086    	MOVWF	PORTB
0185    0087    2031    	CALL	DelayOneSecond
0186    0088    3060    	MOVLW	B'01100000'
0187    0089    0086    	MOVWF	PORTB
0188    008A    2031    	CALL	DelayOneSecond
0189    008B    3030    	MOVLW	B'00110000'
0190    008C    0086    	MOVWF	PORTB
0191    008D    2031    	CALL	DelayOneSecond
0192    008E    3090    	MOVLW	B'10010000'
0193    008F    0086    	MOVWF	PORTB
0194    0090    2031    	CALL	DelayOneSecond
0195    0091    0BB4    	DECFSZ	IrMayorPasosY ,1
0196    0092    2885    	GOTO	FullMayorY
0197    0093    3400    	RETLW	B'00000000'
0198    0094            
0199    0094            
0200    0094            
---------------------------------------------
Number of errors = 0
